mobile/packages/libraries/connection_watcher/example/build/app/intermediates/manifest_merge_blame_file/debug/manifest-merger-blame-debug-report.txt
1<?xml version="1.0" encoding="utf-8"?>
2<manifest xmlns:android="http://schemas.android.com/apk/res/android"
3    package="com.tractian.connectionWatcher.connection_watcher_example"
4    android:versionCode="1"
5    android:versionName="1.0" >
6
7    <uses-sdk
8        android:minSdkVersion="21"
9        android:targetSdkVersion="35" />
10    <!--
11         The INTERNET permission is required for development. Specifically,
12         the Flutter tool needs it to communicate with the running application
13         to allow setting breakpoints, to provide hot reload, etc.
14    -->
15    <uses-permission android:name="android.permission.INTERNET" />
15-->src/main/AndroidManifest.xml:4:5-67
15-->src/main/AndroidManifest.xml:4:22-64
16    <uses-permission android:name="android.permission.ACCESS_NETWORK_STATE" />
16-->src/main/AndroidManifest.xml:2:5-79
16-->src/main/AndroidManifest.xml:2:22-76
17    <uses-permission android:name="android.permission.ACCESS_WIFI_STATE" />
17-->src/main/AndroidManifest.xml:3:5-76
17-->src/main/AndroidManifest.xml:3:22-73
18    <!--
19 Required to query activities that can process text, see:
20         https://developer.android.com/training/package-visibility and
21         https://developer.android.com/reference/android/content/Intent#ACTION_PROCESS_TEXT.
22
23         In particular, this is used by the Flutter engine in io.flutter.plugin.text.ProcessTextPlugin.
24    -->
25    <queries>
25-->src/main/AndroidManifest.xml:42:5-47:15
26        <intent>
26-->src/main/AndroidManifest.xml:43:9-46:18
27            <action android:name="android.intent.action.PROCESS_TEXT" />
27-->src/main/AndroidManifest.xml:44:13-72
27-->src/main/AndroidManifest.xml:44:21-70
28
29            <data android:mimeType="text/plain" />
29-->src/main/AndroidManifest.xml:45:13-50
29-->src/main/AndroidManifest.xml:45:19-48
30        </intent>
31        <intent>
31-->[:flutter_inappwebview_android] AndroidManifest.xml:8:9-10:18
32            <action android:name="android.support.customtabs.action.CustomTabsService" />
32-->[:flutter_inappwebview_android] AndroidManifest.xml:9:13-90
32-->[:flutter_inappwebview_android] AndroidManifest.xml:9:21-87
33        </intent>
34    </queries>
35
36    <uses-permission android:name="android.permission.CHANGE_NETWORK_STATE" />
36-->[:connection_watcher] AndroidManifest.xml:8:5-79
36-->[:connection_watcher] AndroidManifest.xml:8:22-76
37
38    <permission
38-->[androidx.core:core:1.13.1] AndroidManifest.xml:22:5-24:47
39        android:name="com.tractian.connectionWatcher.connection_watcher_example.DYNAMIC_RECEIVER_NOT_EXPORTED_PERMISSION"
39-->[androidx.core:core:1.13.1] AndroidManifest.xml:23:9-81
40        android:protectionLevel="signature" />
40-->[androidx.core:core:1.13.1] AndroidManifest.xml:24:9-44
41
42    <uses-permission android:name="com.tractian.connectionWatcher.connection_watcher_example.DYNAMIC_RECEIVER_NOT_EXPORTED_PERMISSION" />
42-->[androidx.core:core:1.13.1] AndroidManifest.xml:26:5-97
42-->[androidx.core:core:1.13.1] AndroidManifest.xml:26:22-94
43
44    <application
45        android:name="android.app.Application"
46        android:appComponentFactory="androidx.core.app.CoreComponentFactory"
46-->[androidx.core:core:1.13.1] AndroidManifest.xml:28:18-86
47        android:debuggable="true"
48        android:extractNativeLibs="true"
49        android:icon="@mipmap/ic_launcher"
50        android:label="connection_watcher_example" >
51        <activity
52            android:name="com.tractian.connectionWatcher.connection_watcher_example.MainActivity"
53            android:configChanges="orientation|keyboardHidden|keyboard|screenSize|smallestScreenSize|locale|layoutDirection|fontScale|screenLayout|density|uiMode"
54            android:exported="true"
55            android:hardwareAccelerated="true"
56            android:launchMode="singleTop"
57            android:taskAffinity=""
58            android:theme="@style/LaunchTheme"
59            android:windowSoftInputMode="adjustResize" >
60
61            <!--
62                 Specifies an Android theme to apply to this Activity as soon as
63                 the Android process has started. This theme is visible to the user
64                 while the Flutter UI initializes. After that, this theme continues
65                 to determine the Window background behind the Flutter UI.
66            -->
67            <meta-data
68                android:name="io.flutter.embedding.android.NormalTheme"
69                android:resource="@style/NormalTheme" />
70
71            <intent-filter>
72                <action android:name="android.intent.action.MAIN" />
73
74                <category android:name="android.intent.category.LAUNCHER" />
75            </intent-filter>
76        </activity>
77        <!--
78             Don't delete the meta-data below.
79             This is used by the Flutter tool to generate GeneratedPluginRegistrant.java
80        -->
81        <meta-data
82            android:name="flutterEmbedding"
83            android:value="2" />
84
85        <activity
85-->[:flutter_inappwebview_android] AndroidManifest.xml:14:9-18:47
86            android:name="com.pichillilorenzo.flutter_inappwebview_android.in_app_browser.InAppBrowserActivity"
86-->[:flutter_inappwebview_android] AndroidManifest.xml:15:13-112
87            android:configChanges="orientation|keyboardHidden|keyboard|screenSize|locale|layoutDirection|fontScale|screenLayout|density"
87-->[:flutter_inappwebview_android] AndroidManifest.xml:16:13-137
88            android:exported="false"
88-->[:flutter_inappwebview_android] AndroidManifest.xml:17:13-37
89            android:theme="@style/AppTheme" />
89-->[:flutter_inappwebview_android] AndroidManifest.xml:18:13-44
90        <activity
90-->[:flutter_inappwebview_android] AndroidManifest.xml:19:9-22:55
91            android:name="com.pichillilorenzo.flutter_inappwebview_android.chrome_custom_tabs.ChromeCustomTabsActivity"
91-->[:flutter_inappwebview_android] AndroidManifest.xml:20:13-120
92            android:exported="false"
92-->[:flutter_inappwebview_android] AndroidManifest.xml:21:13-37
93            android:theme="@style/ThemeTransparent" />
93-->[:flutter_inappwebview_android] AndroidManifest.xml:22:13-52
94        <activity
94-->[:flutter_inappwebview_android] AndroidManifest.xml:23:9-26:55
95            android:name="com.pichillilorenzo.flutter_inappwebview_android.chrome_custom_tabs.TrustedWebActivity"
95-->[:flutter_inappwebview_android] AndroidManifest.xml:24:13-114
96            android:exported="false"
96-->[:flutter_inappwebview_android] AndroidManifest.xml:25:13-37
97            android:theme="@style/ThemeTransparent" />
97-->[:flutter_inappwebview_android] AndroidManifest.xml:26:13-52
98        <activity
98-->[:flutter_inappwebview_android] AndroidManifest.xml:27:9-31:55
99            android:name="com.pichillilorenzo.flutter_inappwebview_android.chrome_custom_tabs.ChromeCustomTabsActivitySingleInstance"
99-->[:flutter_inappwebview_android] AndroidManifest.xml:28:13-134
100            android:exported="false"
100-->[:flutter_inappwebview_android] AndroidManifest.xml:29:13-37
101            android:launchMode="singleInstance"
101-->[:flutter_inappwebview_android] AndroidManifest.xml:30:13-48
102            android:theme="@style/ThemeTransparent" />
102-->[:flutter_inappwebview_android] AndroidManifest.xml:31:13-52
103        <activity
103-->[:flutter_inappwebview_android] AndroidManifest.xml:32:9-36:55
104            android:name="com.pichillilorenzo.flutter_inappwebview_android.chrome_custom_tabs.TrustedWebActivitySingleInstance"
104-->[:flutter_inappwebview_android] AndroidManifest.xml:33:13-128
105            android:exported="false"
105-->[:flutter_inappwebview_android] AndroidManifest.xml:34:13-37
106            android:launchMode="singleInstance"
106-->[:flutter_inappwebview_android] AndroidManifest.xml:35:13-48
107            android:theme="@style/ThemeTransparent" />
107-->[:flutter_inappwebview_android] AndroidManifest.xml:36:13-52
108
109        <receiver
109-->[:flutter_inappwebview_android] AndroidManifest.xml:38:9-41:40
110            android:name="com.pichillilorenzo.flutter_inappwebview_android.chrome_custom_tabs.ActionBroadcastReceiver"
110-->[:flutter_inappwebview_android] AndroidManifest.xml:39:13-119
111            android:enabled="true"
111-->[:flutter_inappwebview_android] AndroidManifest.xml:40:13-35
112            android:exported="false" />
112-->[:flutter_inappwebview_android] AndroidManifest.xml:41:13-37
113
114        <meta-data
114-->[:flutter_inappwebview_android] AndroidManifest.xml:43:9-45:36
115            android:name="io.flutter.embedded_views_preview"
115-->[:flutter_inappwebview_android] AndroidManifest.xml:44:13-61
116            android:value="true" />
116-->[:flutter_inappwebview_android] AndroidManifest.xml:45:13-33
117        <!--
118           Declares a provider which allows us to store files to share in
119           '.../caches/share_plus' and grant the receiving action access
120        -->
121        <provider
121-->[:share_plus] AndroidManifest.xml:13:9-21:20
122            android:name="dev.fluttercommunity.plus.share.ShareFileProvider"
122-->[:share_plus] AndroidManifest.xml:14:13-77
123            android:authorities="com.tractian.connectionWatcher.connection_watcher_example.flutter.share_provider"
123-->[:share_plus] AndroidManifest.xml:15:13-74
124            android:exported="false"
124-->[:share_plus] AndroidManifest.xml:16:13-37
125            android:grantUriPermissions="true" >
125-->[:share_plus] AndroidManifest.xml:17:13-47
126            <meta-data
126-->[:share_plus] AndroidManifest.xml:18:13-20:68
127                android:name="android.support.FILE_PROVIDER_PATHS"
127-->[:share_plus] AndroidManifest.xml:19:17-67
128                android:resource="@xml/flutter_share_file_paths" />
128-->[:share_plus] AndroidManifest.xml:20:17-65
129        </provider>
130        <!--
131           This manifest declared broadcast receiver allows us to use an explicit
132           Intent when creating a PendingItent to be informed of the user's choice
133        -->
134        <receiver
134-->[:share_plus] AndroidManifest.xml:26:9-32:20
135            android:name="dev.fluttercommunity.plus.share.SharePlusPendingIntent"
135-->[:share_plus] AndroidManifest.xml:27:13-82
136            android:exported="false" >
136-->[:share_plus] AndroidManifest.xml:28:13-37
137            <intent-filter>
137-->[:share_plus] AndroidManifest.xml:29:13-31:29
138                <action android:name="EXTRA_CHOSEN_COMPONENT" />
138-->[:share_plus] AndroidManifest.xml:30:17-65
138-->[:share_plus] AndroidManifest.xml:30:25-62
139            </intent-filter>
140        </receiver>
141
142        <activity
142-->[:url_launcher_android] AndroidManifest.xml:8:9-11:74
143            android:name="io.flutter.plugins.urllauncher.WebViewActivity"
143-->[:url_launcher_android] AndroidManifest.xml:9:13-74
144            android:exported="false"
144-->[:url_launcher_android] AndroidManifest.xml:10:13-37
145            android:theme="@android:style/Theme.NoTitleBar.Fullscreen" />
145-->[:url_launcher_android] AndroidManifest.xml:11:13-71
146
147        <uses-library
147-->[androidx.window:window:1.2.0] AndroidManifest.xml:23:9-25:40
148            android:name="androidx.window.extensions"
148-->[androidx.window:window:1.2.0] AndroidManifest.xml:24:13-54
149            android:required="false" />
149-->[androidx.window:window:1.2.0] AndroidManifest.xml:25:13-37
150        <uses-library
150-->[androidx.window:window:1.2.0] AndroidManifest.xml:26:9-28:40
151            android:name="androidx.window.sidecar"
151-->[androidx.window:window:1.2.0] AndroidManifest.xml:27:13-51
152            android:required="false" />
152-->[androidx.window:window:1.2.0] AndroidManifest.xml:28:13-37
153
154        <provider
154-->[androidx.emoji2:emoji2:1.2.0] AndroidManifest.xml:24:9-32:20
155            android:name="androidx.startup.InitializationProvider"
155-->[androidx.emoji2:emoji2:1.2.0] AndroidManifest.xml:25:13-67
156            android:authorities="com.tractian.connectionWatcher.connection_watcher_example.androidx-startup"
156-->[androidx.emoji2:emoji2:1.2.0] AndroidManifest.xml:26:13-68
157            android:exported="false" >
157-->[androidx.emoji2:emoji2:1.2.0] AndroidManifest.xml:27:13-37
158            <meta-data
158-->[androidx.emoji2:emoji2:1.2.0] AndroidManifest.xml:29:13-31:52
159                android:name="androidx.emoji2.text.EmojiCompatInitializer"
159-->[androidx.emoji2:emoji2:1.2.0] AndroidManifest.xml:30:17-75
160                android:value="androidx.startup" />
160-->[androidx.emoji2:emoji2:1.2.0] AndroidManifest.xml:31:17-49
161            <meta-data
161-->[androidx.lifecycle:lifecycle-process:2.7.0] AndroidManifest.xml:29:13-31:52
162                android:name="androidx.lifecycle.ProcessLifecycleInitializer"
162-->[androidx.lifecycle:lifecycle-process:2.7.0] AndroidManifest.xml:30:17-78
163                android:value="androidx.startup" />
163-->[androidx.lifecycle:lifecycle-process:2.7.0] AndroidManifest.xml:31:17-49
164            <meta-data
164-->[androidx.profileinstaller:profileinstaller:1.3.1] AndroidManifest.xml:29:13-31:52
165                android:name="androidx.profileinstaller.ProfileInstallerInitializer"
165-->[androidx.profileinstaller:profileinstaller:1.3.1] AndroidManifest.xml:30:17-85
166                android:value="androidx.startup" />
166-->[androidx.profileinstaller:profileinstaller:1.3.1] AndroidManifest.xml:31:17-49
167        </provider>
168
169        <receiver
169-->[androidx.profileinstaller:profileinstaller:1.3.1] AndroidManifest.xml:34:9-52:20
170            android:name="androidx.profileinstaller.ProfileInstallReceiver"
170-->[androidx.profileinstaller:profileinstaller:1.3.1] AndroidManifest.xml:35:13-76
171            android:directBootAware="false"
171-->[androidx.profileinstaller:profileinstaller:1.3.1] AndroidManifest.xml:36:13-44
172            android:enabled="true"
172-->[androidx.profileinstaller:profileinstaller:1.3.1] AndroidManifest.xml:37:13-35
173            android:exported="true"
173-->[androidx.profileinstaller:profileinstaller:1.3.1] AndroidManifest.xml:38:13-36
174            android:permission="android.permission.DUMP" >
174-->[androidx.profileinstaller:profileinstaller:1.3.1] AndroidManifest.xml:39:13-57
175            <intent-filter>
175-->[androidx.profileinstaller:profileinstaller:1.3.1] AndroidManifest.xml:40:13-42:29
176                <action android:name="androidx.profileinstaller.action.INSTALL_PROFILE" />
176-->[androidx.profileinstaller:profileinstaller:1.3.1] AndroidManifest.xml:41:17-91
176-->[androidx.profileinstaller:profileinstaller:1.3.1] AndroidManifest.xml:41:25-88
177            </intent-filter>
178            <intent-filter>
178-->[androidx.profileinstaller:profileinstaller:1.3.1] AndroidManifest.xml:43:13-45:29
179                <action android:name="androidx.profileinstaller.action.SKIP_FILE" />
179-->[androidx.profileinstaller:profileinstaller:1.3.1] AndroidManifest.xml:44:17-85
179-->[androidx.profileinstaller:profileinstaller:1.3.1] AndroidManifest.xml:44:25-82
180            </intent-filter>
181            <intent-filter>
181-->[androidx.profileinstaller:profileinstaller:1.3.1] AndroidManifest.xml:46:13-48:29
182                <action android:name="androidx.profileinstaller.action.SAVE_PROFILE" />
182-->[androidx.profileinstaller:profileinstaller:1.3.1] AndroidManifest.xml:47:17-88
182-->[androidx.profileinstaller:profileinstaller:1.3.1] AndroidManifest.xml:47:25-85
183            </intent-filter>
184            <intent-filter>
184-->[androidx.profileinstaller:profileinstaller:1.3.1] AndroidManifest.xml:49:13-51:29
185                <action android:name="androidx.profileinstaller.action.BENCHMARK_OPERATION" />
185-->[androidx.profileinstaller:profileinstaller:1.3.1] AndroidManifest.xml:50:17-95
185-->[androidx.profileinstaller:profileinstaller:1.3.1] AndroidManifest.xml:50:25-92
186            </intent-filter>
187        </receiver>
188    </application>
189
190</manifest>